  LAB1.c
c:\users\82108\source\repos\lab\lab\lab1.c(19): warning C4013: 'gets'이(가) 정의되지 않았습니다. extern은 int형을 반환하는 것으로 간주합니다.
c:\users\82108\source\repos\lab\lab\lab1.c(23): warning C4047: '함수': 'char'의 간접 참조 수준이 'char [100]'과(와) 다릅니다.
c:\users\82108\source\repos\lab\lab\lab1.c(23): warning C4024: 'exactMatch': 형식 및 실제 매개 변수 1의 형식이 서로 다릅니다.
c:\users\82108\source\repos\lab\lab\lab1.c(23): warning C4047: '함수': 'char'의 간접 참조 수준이 'char [50]'과(와) 다릅니다.
c:\users\82108\source\repos\lab\lab\lab1.c(23): warning C4024: 'exactMatch': 형식 및 실제 매개 변수 2의 형식이 서로 다릅니다.
c:\users\82108\source\repos\lab\lab\lab1.c(34): warning C4047: '함수': 'char'의 간접 참조 수준이 'char [100]'과(와) 다릅니다.
c:\users\82108\source\repos\lab\lab\lab1.c(34): warning C4024: 'partialMatch': 형식 및 실제 매개 변수 1의 형식이 서로 다릅니다.
c:\users\82108\source\repos\lab\lab\lab1.c(34): warning C4047: '함수': 'char'의 간접 참조 수준이 'char [50]'과(와) 다릅니다.
c:\users\82108\source\repos\lab\lab\lab1.c(34): warning C4024: 'partialMatch': 형식 및 실제 매개 변수 2의 형식이 서로 다릅니다.
c:\users\82108\source\repos\lab\lab\lab1.c(39): warning C4047: '함수': 'char'의 간접 참조 수준이 'char [100]'과(와) 다릅니다.
c:\users\82108\source\repos\lab\lab\lab1.c(39): warning C4024: 'partialMatch2': 형식 및 실제 매개 변수 1의 형식이 서로 다릅니다.
c:\users\82108\source\repos\lab\lab\lab1.c(39): warning C4047: '함수': 'char'의 간접 참조 수준이 'char [50]'과(와) 다릅니다.
c:\users\82108\source\repos\lab\lab\lab1.c(39): warning C4024: 'partialMatch2': 형식 및 실제 매개 변수 2의 형식이 서로 다릅니다.
c:\users\82108\source\repos\lab\lab\lab1.c(44): warning C4028: 정식 매개 변수 1이(가) 선언과 다릅니다.
c:\users\82108\source\repos\lab\lab\lab1.c(44): warning C4028: 정식 매개 변수 2이(가) 선언과 다릅니다.
c:\users\82108\source\repos\lab\lab\lab1.c(68): warning C4028: 정식 매개 변수 1이(가) 선언과 다릅니다.
c:\users\82108\source\repos\lab\lab\lab1.c(68): warning C4028: 정식 매개 변수 2이(가) 선언과 다릅니다.
c:\users\82108\source\repos\lab\lab\lab1.c(132): warning C4018: '<': signed 또는 unsigned가 일치하지 않습니다.
c:\users\82108\source\repos\lab\lab\lab1.c(136): warning C4018: '<': signed 또는 unsigned가 일치하지 않습니다.
c:\users\82108\source\repos\lab\lab\lab1.c(71): warning C4047: '초기화 중': 'char'의 간접 참조 수준이 'void *'과(와) 다릅니다.
c:\users\82108\source\repos\lab\lab\lab1.c(150): warning C4028: 정식 매개 변수 1이(가) 선언과 다릅니다.
c:\users\82108\source\repos\lab\lab\lab1.c(150): warning C4028: 정식 매개 변수 2이(가) 선언과 다릅니다.
c:\users\82108\source\repos\lab\lab\lab1.c(152): warning C4047: '초기화 중': 'char'의 간접 참조 수준이 'void *'과(와) 다릅니다.
  LAB.vcxproj -> C:\Users\82108\source\repos\LAB\Debug\LAB.exe
