  소스.c
c:\users\82108\source\repos\운체\운체\소스.c(43): warning C4013: 'findWaitingTime'이(가) 정의되지 않았습니다. extern은 int형을 반환하는 것으로 간주합니다.
c:\users\82108\source\repos\운체\운체\소스.c(45): warning C4013: 'findTurnAroundTime'이(가) 정의되지 않았습니다. extern은 int형을 반환하는 것으로 간주합니다.
c:\users\82108\source\repos\운체\운체\소스.c(45): error C2065: 'bt': 선언되지 않은 식별자입니다.
c:\users\82108\source\repos\운체\운체\소스.c(45): error C2065: 'wt': 선언되지 않은 식별자입니다.
c:\users\82108\source\repos\운체\운체\소스.c(45): error C2065: 'tat': 선언되지 않은 식별자입니다.
c:\users\82108\source\repos\운체\운체\소스.c(49): error C2065: 'wt': 선언되지 않은 식별자입니다.
c:\users\82108\source\repos\운체\운체\소스.c(49): error C2109: 첨자는 배열 또는 포인터 형식을 사용해야 합니다.
c:\users\82108\source\repos\운체\운체\소스.c(50): error C2065: 'tat': 선언되지 않은 식별자입니다.
c:\users\82108\source\repos\운체\운체\소스.c(50): error C2109: 첨자는 배열 또는 포인터 형식을 사용해야 합니다.
c:\users\82108\source\repos\운체\운체\소스.c(51): error C2065: 'rt': 선언되지 않은 식별자입니다.
c:\users\82108\source\repos\운체\운체\소스.c(51): error C2109: 첨자는 배열 또는 포인터 형식을 사용해야 합니다.
c:\users\82108\source\repos\운체\운체\소스.c(52): error C2065: 'tat': 선언되지 않은 식별자입니다.
c:\users\82108\source\repos\운체\운체\소스.c(52): error C2109: 첨자는 배열 또는 포인터 형식을 사용해야 합니다.
c:\users\82108\source\repos\운체\운체\소스.c(54): error C2065: 'bt': 선언되지 않은 식별자입니다.
c:\users\82108\source\repos\운체\운체\소스.c(54): error C2109: 첨자는 배열 또는 포인터 형식을 사용해야 합니다.
c:\users\82108\source\repos\운체\운체\소스.c(54): error C2065: 'wt': 선언되지 않은 식별자입니다.
c:\users\82108\source\repos\운체\운체\소스.c(54): error C2065: 'tat': 선언되지 않은 식별자입니다.
c:\users\82108\source\repos\운체\운체\소스.c(54): error C2065: 'rt': 선언되지 않은 식별자입니다.
c:\users\82108\source\repos\운체\운체\소스.c(53): warning C4473: 'printf': 서식 문자열에 대한 인수가 충분하게 전달되지 않았습니다.
  c:\users\82108\source\repos\운체\운체\소스.c(53): note: 자리 표시자 및 해당 매개 변수에는 variadic 인수가 6개 필요하지만 2개가 제공되었습니다.
  c:\users\82108\source\repos\운체\운체\소스.c(53): note: 누락된 variadic 인수 3이(가) 서식 문자열 '%7d'에 필요합니다.
c:\users\82108\source\repos\운체\운체\소스.c(63): error C2371: 'findTurnAroundTime': 재정의. 기본 형식이 다릅니다.
c:\users\82108\source\repos\운체\운체\소스.c(332): error C2039: 'pri': 'NODE'의 멤버가 아닙니다.
  c:\users\82108\source\repos\운체\운체\소스.c(10): note: 'NODE' 선언을 참조하십시오.
c:\users\82108\source\repos\운체\운체\소스.c(332): warning C4473: 'fprintf': 서식 문자열에 대한 인수가 충분하게 전달되지 않았습니다.
  c:\users\82108\source\repos\운체\운체\소스.c(332): note: 자리 표시자 및 해당 매개 변수에는 variadic 인수가 4개 필요하지만 3개가 제공되었습니다.
  c:\users\82108\source\repos\운체\운체\소스.c(332): note: 누락된 variadic 인수 4이(가) 서식 문자열 '%d'에 필요합니다.
